2025-04-04 12:08:13.078636 - Received CBT.V508.FILE581.PDS from FILE581.XMI 
2025-04-04 12:08:13.079573 - Found $$$$NOTE.eml (message/rfc822) in CBT.V508.FILE581.PDS, moved to PDS/$$$$NOTE
2025-04-04 12:08:13.079730 - Found $$$#DATE.txt (text/plain) in CBT.V508.FILE581.PDS, moved to PDS/$$$#DATE
2025-04-04 12:08:13.079863 - Found $$$NOTE.txt (text/plain) in CBT.V508.FILE581.PDS, moved to PDS/$$$NOTE
2025-04-04 12:08:13.079981 - Found $$$NOTED.txt (text/plain) in CBT.V508.FILE581.PDS, moved to PDS/$$$NOTED
2025-04-04 12:08:13.080101 - Found $$$NOTE1.txt (text/plain) in CBT.V508.FILE581.PDS, moved to PDS/$$$NOTE1
2025-04-04 12:08:13.080315 - Found $ALLDOCS.xmi (application/xmit) in CBT.V508.FILE581.PDS, moved to PDS/$ALLDOCS.xmi
2025-04-04 12:08:13.111849 - Received SBGOLOB.FILE581.DOCS from $ALLDOCS.xmi 
2025-04-04 12:08:13.112447 - Found CLEANUP.doc (application/msword) in SBGOLOB.FILE581.DOCS, moved to $ALLDOCS/docs/CLEANUP.doc
2025-04-04 12:08:13.112588 - Found CMDSJES2.doc (application/msword) in SBGOLOB.FILE581.DOCS, moved to $ALLDOCS/docs/CMDSJES2.doc
2025-04-04 12:08:13.112716 - Found CMDSMVS.doc (application/msword) in SBGOLOB.FILE581.DOCS, moved to $ALLDOCS/docs/CMDSMVS.doc
2025-04-04 12:08:13.112851 - Found COMDISCO.doc (application/msword) in SBGOLOB.FILE581.DOCS, moved to $ALLDOCS/docs/COMDISCO.doc
2025-04-04 12:08:13.112986 - Found DASD.doc (application/msword) in SBGOLOB.FILE581.DOCS, moved to $ALLDOCS/docs/DASD.doc
2025-04-04 12:08:13.113116 - Found RECOVERY.doc (application/msword) in SBGOLOB.FILE581.DOCS, moved to $ALLDOCS/docs/RECOVERY.doc
2025-04-04 12:08:13.113255 - Found SARIPL.doc (application/msword) in SBGOLOB.FILE581.DOCS, moved to $ALLDOCS/docs/SARIPL.doc
2025-04-04 12:08:13.113376 - Found WRKSHEET.doc (application/msword) in SBGOLOB.FILE581.DOCS, moved to $ALLDOCS/docs/WRKSHEET.doc
2025-04-04 12:08:13.114033 - Found $DRSTUFF.bin (application/octet-stream) in CBT.V508.FILE581.PDS, moved to PDS/$DRSTUFF
2025-04-04 12:08:13.114167 - Found @FILE581.txt (text/plain) in CBT.V508.FILE581.PDS, moved to PDS/@FILE581
2025-04-04 12:08:13.114325 - Found EXEC.xmi (application/xmit) in CBT.V508.FILE581.PDS, moved to PDS/EXEC.xmi
2025-04-04 12:08:13.175294 - Received DISASTER.RECOVER.EXEC from EXEC.xmi 
2025-04-04 12:08:13.175800 - Found RCVRCNFG.rexx (text/plain) in DISASTER.RECOVER.EXEC, moved to EXEC/RCVRCNFG
2025-04-04 12:08:13.175956 - Found RCVRRUN.rexx (text/plain) in DISASTER.RECOVER.EXEC, moved to EXEC/RCVRRUN
2025-04-04 12:08:13.176094 - Found RCVRSTRT.rexx (text/plain) in DISASTER.RECOVER.EXEC, moved to EXEC/RCVRSTRT
2025-04-04 12:08:13.176484 - Found ISPANEL.xmi (application/xmit) in CBT.V508.FILE581.PDS, moved to PDS/ISPANEL.xmi
2025-04-04 12:08:13.273537 - Received DISASTER.RECOVER.ISPANEL from ISPANEL.xmi 
2025-04-04 12:08:13.274270 - Found CNFGADDV.txt (text/plain) in DISASTER.RECOVER.ISPANEL, moved to ISPANEL/CNFGADDV
2025-04-04 12:08:13.274413 - Found CNFGDISP.txt (text/plain) in DISASTER.RECOVER.ISPANEL, moved to ISPANEL/CNFGDISP
2025-04-04 12:08:13.274885 - Found CNFGJOBS.txt (text/plain) in DISASTER.RECOVER.ISPANEL, moved to ISPANEL/CNFGJOBS
2025-04-04 12:08:13.275164 - Found CNFGSTRT.txt (text/plain) in DISASTER.RECOVER.ISPANEL, moved to ISPANEL/CNFGSTRT
2025-04-04 12:08:13.275571 - Found CNFGVSER.txt (text/plain) in DISASTER.RECOVER.ISPANEL, moved to ISPANEL/CNFGVSER
2025-04-04 12:08:13.275711 - Found RCVA0001.txt (text/plain) in DISASTER.RECOVER.ISPANEL, moved to ISPANEL/RCVA0001
2025-04-04 12:08:13.275845 - Found RCVD0001.txt (text/plain) in DISASTER.RECOVER.ISPANEL, moved to ISPANEL/RCVD0001
2025-04-04 12:08:13.275966 - Found RCVD0002.txt (text/plain) in DISASTER.RECOVER.ISPANEL, moved to ISPANEL/RCVD0002
2025-04-04 12:08:13.276091 - Found RCVD0101.txt (text/plain) in DISASTER.RECOVER.ISPANEL, moved to ISPANEL/RCVD0101
2025-04-04 12:08:13.276214 - Found RCVJ0001.txt (text/plain) in DISASTER.RECOVER.ISPANEL, moved to ISPANEL/RCVJ0001
2025-04-04 12:08:13.276337 - Found RCVS0001.txt (text/plain) in DISASTER.RECOVER.ISPANEL, moved to ISPANEL/RCVS0001
2025-04-04 12:08:13.276466 - Found RCVV0001.txt (text/plain) in DISASTER.RECOVER.ISPANEL, moved to ISPANEL/RCVV0001
2025-04-04 12:08:13.277089 - Found ISPSKEL.xmi (application/xmit) in CBT.V508.FILE581.PDS, moved to PDS/ISPSKEL.xmi
2025-04-04 12:08:13.303569 - Received DISASTER.RECOVER.ISPSKEL from ISPSKEL.xmi 
2025-04-04 12:08:13.304058 - Found AGCOSKEL.txt (text/plain) in DISASTER.RECOVER.ISPSKEL, moved to ISPSKEL/AGCOSKEL
2025-04-04 12:08:13.304205 - Found SAMPSKEL.txt (text/plain) in DISASTER.RECOVER.ISPSKEL, moved to ISPSKEL/SAMPSKEL
2025-04-04 12:08:13.304547 - Found ISPTABL.xmi (application/xmit) in CBT.V508.FILE581.PDS, moved to PDS/ISPTABL.xmi
2025-04-04 12:08:13.313569 - Received DISASTER.RECOVER.ISPTABL from ISPTABL.xmi 
2025-04-04 12:08:13.313963 - Found DUMMY.txt (text/plain) in DISASTER.RECOVER.ISPTABL, moved to ISPTABL/DUMMY
2025-04-04 12:08:13.314306 - Found JCLJOBS.xmi (application/xmit) in CBT.V508.FILE581.PDS, moved to PDS/JCLJOBS.xmi
2025-04-04 12:08:13.366898 - Received SFT1.DISASTER.BACKUP.JCL from JCLJOBS.xmi 
2025-04-04 12:08:13.367382 - Found VBKDSTRL.jcl (text/plain) in SFT1.DISASTER.BACKUP.JCL, moved to JCLJOBS/VBKDSTRL
2025-04-04 12:08:13.367525 - Found VBKDSTRP.jcl (text/plain) in SFT1.DISASTER.BACKUP.JCL, moved to JCLJOBS/VBKDSTRP
2025-04-04 12:08:13.367653 - Found VBKDSTRT.jcl (text/plain) in SFT1.DISASTER.BACKUP.JCL, moved to JCLJOBS/VBKDSTRT
2025-04-04 12:08:13.367781 - Found VBKDSTRU.jcl (text/plain) in SFT1.DISASTER.BACKUP.JCL, moved to JCLJOBS/VBKDSTRU
2025-04-04 12:08:13.368190 - Found JCLLIB.xmi (application/xmit) in CBT.V508.FILE581.PDS, moved to PDS/JCLLIB.xmi
2025-04-04 12:08:13.703346 - Received DISASTER.RECOVER.JCLLIB from JCLLIB.xmi 
2025-04-04 12:08:13.705756 - Found $AVRPARM.txt (text/plain) in DISASTER.RECOVER.JCLLIB, moved to JCLLIB/$AVRPARM
2025-04-04 12:08:13.705914 - Found AAZAP.jcl (text/plain) in DISASTER.RECOVER.JCLLIB, moved to JCLLIB/AAZAP
2025-04-04 12:08:13.706060 - Found BKUPGDGS.jcl (text/plain) in DISASTER.RECOVER.JCLLIB, moved to JCLLIB/BKUPGDGS
2025-04-04 12:08:13.706206 - Found BMSGTZAP.jcl (text/plain) in DISASTER.RECOVER.JCLLIB, moved to JCLLIB/BMSGTZAP
2025-04-04 12:08:13.706331 - Found CAS9KEYS.jcl (text/plain) in DISASTER.RECOVER.JCLLIB, moved to JCLLIB/CAS9KEYS
2025-04-04 12:08:13.706459 - Found CFCUTIL.jcl (text/plain) in DISASTER.RECOVER.JCLLIB, moved to JCLLIB/CFCUTIL
2025-04-04 12:08:13.706585 - Found DEFALIAS.jcl (text/plain) in DISASTER.RECOVER.JCLLIB, moved to JCLLIB/DEFALIAS
2025-04-04 12:08:13.706708 - Found DEFIODF.jcl (text/plain) in DISASTER.RECOVER.JCLLIB, moved to JCLLIB/DEFIODF
2025-04-04 12:08:13.706833 - Found DRBIMJCL.jcl (text/plain) in DISASTER.RECOVER.JCLLIB, moved to JCLLIB/DRBIMJCL
2025-04-04 12:08:13.706973 - Found DRBIMWN.txt (text/plain) in DISASTER.RECOVER.JCLLIB, moved to JCLLIB/DRBIMWN
2025-04-04 12:08:13.707102 - Found FACUTIL.jcl (text/plain) in DISASTER.RECOVER.JCLLIB, moved to JCLLIB/FACUTIL
2025-04-04 12:08:13.707234 - Found FAZAP.jcl (text/plain) in DISASTER.RECOVER.JCLLIB, moved to JCLLIB/FAZAP
2025-04-04 12:08:13.707361 - Found GENERJ02.jcl (text/plain) in DISASTER.RECOVER.JCLLIB, moved to JCLLIB/GENERJ02
2025-04-04 12:08:13.707480 - Found ICKDSF.jcl (text/plain) in DISASTER.RECOVER.JCLLIB, moved to JCLLIB/ICKDSF
2025-04-04 12:08:13.707602 - Found ICKSMS.jcl (text/plain) in DISASTER.RECOVER.JCLLIB, moved to JCLLIB/ICKSMS
2025-04-04 12:08:13.707731 - Found IOFZAP.jcl (text/plain) in DISASTER.RECOVER.JCLLIB, moved to JCLLIB/IOFZAP
2025-04-04 12:08:13.707867 - Found JRCBACK.jcl (text/plain) in DISASTER.RECOVER.JCLLIB, moved to JCLLIB/JRCBACK
2025-04-04 12:08:13.707996 - Found JRCREST.jcl (text/plain) in DISASTER.RECOVER.JCLLIB, moved to JCLLIB/JRCREST
2025-04-04 12:08:13.708114 - Found MAKEJES2.jcl (text/plain) in DISASTER.RECOVER.JCLLIB, moved to JCLLIB/MAKEJES2
2025-04-04 12:08:13.708234 - Found NCPBKUP.jcl (text/plain) in DISASTER.RECOVER.JCLLIB, moved to JCLLIB/NCPBKUP
2025-04-04 12:08:13.708366 - Found NCPRSTR.jcl (text/plain) in DISASTER.RECOVER.JCLLIB, moved to JCLLIB/NCPRSTR
2025-04-04 12:08:13.708497 - Found OFFLOADR.jcl (text/plain) in DISASTER.RECOVER.JCLLIB, moved to JCLLIB/OFFLOADR
2025-04-04 12:08:13.708666 - Found QJZAP.jcl (text/plain) in DISASTER.RECOVER.JCLLIB, moved to JCLLIB/QJZAP
2025-04-04 12:08:13.708805 - Found SYSRES.txt (text/plain) in DISASTER.RECOVER.JCLLIB, moved to JCLLIB/SYSRES
2025-04-04 12:08:13.708948 - Found UCATRSTR.jcl (text/plain) in DISASTER.RECOVER.JCLLIB, moved to JCLLIB/UCATRSTR
2025-04-04 12:08:13.709073 - Found UCATRST2.jcl (text/plain) in DISASTER.RECOVER.JCLLIB, moved to JCLLIB/UCATRST2
2025-04-04 12:08:13.709207 - Found UTMSREST.jcl (text/plain) in DISASTER.RECOVER.JCLLIB, moved to JCLLIB/UTMSREST
2025-04-04 12:08:13.709336 - Found VVDSSMS.jcl (text/plain) in DISASTER.RECOVER.JCLLIB, moved to JCLLIB/VVDSSMS
2025-04-04 12:08:13.709481 - Found XCCUTIL.jcl (text/plain) in DISASTER.RECOVER.JCLLIB, moved to JCLLIB/XCCUTIL
2025-04-04 12:08:13.709609 - Found XCCUTIL1.jcl (text/plain) in DISASTER.RECOVER.JCLLIB, moved to JCLLIB/XCCUTIL1
2025-04-04 12:08:13.709723 - Found XCCUTIL2.jcl (text/plain) in DISASTER.RECOVER.JCLLIB, moved to JCLLIB/XCCUTIL2
2025-04-04 12:08:13.709851 - Found XCCUTIL3.jcl (text/plain) in DISASTER.RECOVER.JCLLIB, moved to JCLLIB/XCCUTIL3
2025-04-04 12:08:13.709975 - Found XCCUTIL4.jcl (text/plain) in DISASTER.RECOVER.JCLLIB, moved to JCLLIB/XCCUTIL4
2025-04-04 12:08:13.710107 - Found XPEDCZAP.jcl (text/plain) in DISASTER.RECOVER.JCLLIB, moved to JCLLIB/XPEDCZAP
2025-04-04 12:08:13.710235 - Found XPEDTZAP.jcl (text/plain) in DISASTER.RECOVER.JCLLIB, moved to JCLLIB/XPEDTZAP
2025-04-04 12:08:13.710346 - Found XTCUTIL.jcl (text/plain) in DISASTER.RECOVER.JCLLIB, moved to JCLLIB/XTCUTIL
2025-04-04 12:08:13.710464 - Found ZAPBKUP.jcl (text/plain) in DISASTER.RECOVER.JCLLIB, moved to JCLLIB/ZAPBKUP
2025-04-04 12:08:13.710576 - Found ZAPRSTR.jcl (text/plain) in DISASTER.RECOVER.JCLLIB, moved to JCLLIB/ZAPRSTR
2025-04-04 12:08:13.712017 - Found JCL01.xmi (application/xmit) in CBT.V508.FILE581.PDS, moved to PDS/JCL01.xmi
2025-04-04 12:08:13.721287 - Received DISASTER.RECOVER.JCL01 from JCL01.xmi 
2025-04-04 12:08:13.721494 - Found DISASTER.RECOVER.JCL01.jcl (text/plain), moved to JCL01/DISASTER.RECOVER.JCL01
